mode: set
tmthrgd.dev/go/vfshash/names.go:19.52,21.2 1 1
tmthrgd.dev/go/vfshash/names.go:23.29,25.9 2 1
tmthrgd.dev/go/vfshash/names.go:34.2,36.60 2 1
tmthrgd.dev/go/vfshash/names.go:26.26,30.9 1 1
tmthrgd.dev/go/vfshash/names.go:31.18,32.13 1 0
tmthrgd.dev/go/vfshash/names.go:36.60,37.13 1 1
tmthrgd.dev/go/vfshash/names.go:46.49,49.37 2 1
tmthrgd.dev/go/vfshash/names.go:53.2,53.13 1 1
tmthrgd.dev/go/vfshash/names.go:49.37,51.3 1 1
tmthrgd.dev/go/vfshash/names.go:58.59,60.2 1 1
tmthrgd.dev/go/vfshash/vfshash.go:37.53,39.2 1 1
tmthrgd.dev/go/vfshash/vfshash.go:41.61,43.19 2 1
tmthrgd.dev/go/vfshash/vfshash.go:47.2,47.14 1 1
tmthrgd.dev/go/vfshash/vfshash.go:43.19,45.3 1 0
tmthrgd.dev/go/vfshash/vfshash.go:48.11,50.17 2 1
tmthrgd.dev/go/vfshash/vfshash.go:54.3,54.51 1 1
tmthrgd.dev/go/vfshash/vfshash.go:55.22,56.56 1 1
tmthrgd.dev/go/vfshash/vfshash.go:57.10,59.9 2 1
tmthrgd.dev/go/vfshash/vfshash.go:68.3,69.17 2 1
tmthrgd.dev/go/vfshash/vfshash.go:73.3,73.40 1 1
tmthrgd.dev/go/vfshash/vfshash.go:81.3,81.41 1 1
tmthrgd.dev/go/vfshash/vfshash.go:50.17,52.4 1 0
tmthrgd.dev/go/vfshash/vfshash.go:59.9,61.18 2 1
tmthrgd.dev/go/vfshash/vfshash.go:65.4,65.37 1 1
tmthrgd.dev/go/vfshash/vfshash.go:61.18,63.5 1 0
tmthrgd.dev/go/vfshash/vfshash.go:69.17,71.4 1 1
tmthrgd.dev/go/vfshash/vfshash.go:73.40,76.4 2 0
tmthrgd.dev/go/vfshash/vfshash.go:76.9,76.27 1 1
tmthrgd.dev/go/vfshash/vfshash.go:76.27,79.4 2 1
tmthrgd.dev/go/vfshash/vfshash.go:85.40,91.89 4 1
tmthrgd.dev/go/vfshash/vfshash.go:111.2,111.19 1 1
tmthrgd.dev/go/vfshash/vfshash.go:115.2,115.47 1 1
tmthrgd.dev/go/vfshash/vfshash.go:91.89,92.33 1 1
tmthrgd.dev/go/vfshash/vfshash.go:96.3,97.17 2 1
tmthrgd.dev/go/vfshash/vfshash.go:100.3,103.42 3 1
tmthrgd.dev/go/vfshash/vfshash.go:107.3,109.13 3 1
tmthrgd.dev/go/vfshash/vfshash.go:92.33,94.4 1 1
tmthrgd.dev/go/vfshash/vfshash.go:97.17,99.4 1 0
tmthrgd.dev/go/vfshash/vfshash.go:103.42,105.4 1 0
tmthrgd.dev/go/vfshash/vfshash.go:111.19,113.3 1 0
tmthrgd.dev/go/vfshash/vfshash.go:118.52,123.43 4 1
tmthrgd.dev/go/vfshash/vfshash.go:129.2,129.34 1 1
tmthrgd.dev/go/vfshash/vfshash.go:123.43,125.3 1 1
tmthrgd.dev/go/vfshash/vfshash.go:125.8,127.3 1 1
tmthrgd.dev/go/vfshash/vfshash.go:138.66,142.25 3 1
tmthrgd.dev/go/vfshash/vfshash.go:149.2,149.18 1 1
tmthrgd.dev/go/vfshash/vfshash.go:142.25,144.34 2 1
tmthrgd.dev/go/vfshash/vfshash.go:144.34,146.4 1 1
tmthrgd.dev/go/vfshash/vfshash.go:154.61,155.64 1 1
tmthrgd.dev/go/vfshash/vfshash.go:159.2,160.33 2 1
tmthrgd.dev/go/vfshash/vfshash.go:164.2,164.18 1 1
tmthrgd.dev/go/vfshash/vfshash.go:155.64,157.3 1 1
tmthrgd.dev/go/vfshash/vfshash.go:160.33,162.3 1 1
tmthrgd.dev/go/vfshash/vfshash.go:172.41,172.73 1 1
tmthrgd.dev/go/vfshash/vfshash.go:179.51,181.16 2 1
tmthrgd.dev/go/vfshash/vfshash.go:185.2,185.44 1 1
tmthrgd.dev/go/vfshash/vfshash.go:181.16,183.3 1 0
tmthrgd.dev/go/vfshash/vfshash.go:190.43,190.82 1 1
tmthrgd.dev/go/vfshash/vfshash.go:191.43,191.61 1 1
tmthrgd.dev/go/vfshash/vfshash.go:192.43,192.58 1 1
tmthrgd.dev/go/vfshash/vfshash.go:193.43,193.65 1 1
tmthrgd.dev/go/vfshash/vfshash.go:194.43,194.59 1 1
tmthrgd.dev/go/vfshash/vfshash.go:195.43,195.57 1 1
tmthrgd.dev/go/vfshash/vfshash.go:199.61,199.75 1 1
tmthrgd.dev/go/vfshash/vfshash.go:200.61,200.92 1 1
tmthrgd.dev/go/vfshash/vfshash.go:201.61,201.101 1 1
